*** Using Compiler 'V5.06 update 4 (build 422)', folder: 'D:\Keil_v5\ARM\ARMCC\Bin'
Rebuild target 'oled'
assembling startup_stm32f103xb.s...
compiling stm32f10x_it.c...
compiling system_stm32f1xx.c...
compiling freertos_demo.c...
freertos_demo.c(102): warning:  #177-D: variable "t"  was declared but never referenced
      uint8_t t = 0;
freertos_demo.c(103): warning:  #177-D: variable "last_t"  was declared but never referenced
      float last_t = 0;
freertos_demo.c(104): warning:  #177-D: variable "sum"  was declared but never referenced
      uint32_t sum;
freertos_demo.c(137): warning:  #177-D: variable "dir"  was declared but never referenced
      uint8_t dir = 1;
freertos_demo.c(148): warning:  #177-D: variable "i"  was declared but never referenced
      uint16_t i,j;
freertos_demo.c(148): warning:  #177-D: variable "j"  was declared but never referenced
      uint16_t i,j;
freertos_demo.c(149): warning:  #177-D: variable "y"  was declared but never referenced
      uint16_t y;
freertos_demo.c(150): warning:  #177-D: variable "last_rom"  was declared but never referenced
      float last_rom = 0;
freertos_demo.c: 8 warnings, 0 errors
compiling stm32f1xx_hal_uart.c...
compiling stm32f1xx_hal_cortex.c...
compiling event_groups.c...
compiling stm32f1xx_hal.c...
compiling stm32f1xx_hal_sram.c...
compiling stm32f1xx_hal_gpio.c...
compiling stm32f1xx_hal_dma.c...
compiling stm32f1xx_hal_pwr.c...
compiling stm32f1xx_ll_fsmc.c...
compiling croutine.c...
compiling stm32f1xx_hal_usart.c...
compiling list.c...
compiling stm32f1xx_hal_rcc.c...
compiling heap_4.c...
compiling stream_buffer.c...
compiling timers.c...
compiling stm32f1xx_hal_adc_ex.c...
compiling port.c...
compiling stm32f1xx_hal_adc.c...
compiling mem_mgr.c...
compiling main.c...
compiling stm32f1xx_hal_rcc_ex.c...
compiling queue.c...
compiling tasks.c...
compiling stm32f1xx_hal_tim_ex.c...
compiling stm32f1xx_hal_tim.c...
compiling usart.c...
compiling sys.c...
compiling led.c...
compiling delay.c...
compiling oled.c...
compiling Lcd_Driver.c...
compiling GUI.c...
compiling QDTFT_demo.c...
compiling adc.c...
..\HARDWARE\ADC\adc.c(20): warning:  #188-D: enumerated type mixed with another type
      g_adc_handle.Init.ContinuousConvMode = 
ISABLE;          /* 关闭连续转换模式 */
..\HARDWARE\ADC\adc.c(22): warning:  #188-D: enumerated type mixed with another type
      g_adc_handle.Init.DiscontinuousConvMode = 
ISABLE;       /* 禁止规则通道组间断模式 */
..\HARDWARE\ADC\adc.c(130): warning:  #223-D: function "__HAL_RCC_DMA2_CLK_ENABLE" declared implicitly
          __HAL_RCC_DMA2_CLK_ENABLE();                                        /* DMA2时钟使能 */
..\HARDWARE\ADC\adc.c(163): warning:  #188-D: enumerated type mixed with another type
      g_adc_dma_handle.Init.ContinuousConvMode = 
NABLE;                      /* 使能连续转换模式 */
..\HARDWARE\ADC\adc.c(165): warning:  #188-D: enumerated type mixed with another type
      g_adc_dma_handle.Init.DiscontinuousConvMode = 
ISABLE;                  /* 禁止规则通道组间断模式 */
..\HARDWARE\ADC\adc.c(200): warning:  #223-D: function "__HAL_RCC_DMA2_CLK_ENABLE" declared implicitly
          __HAL_RCC_DMA2_CLK_ENABLE(); /* 开启DMA2时钟 */
..\HARDWARE\ADC\adc.c(230): warning:  #188-D: enumerated type mixed with another type
      g_adc_nch_dma_handle.Init.ContinuousConvMode = 
NABLE;         /* 开启连续转换模式 */
..\HARDWARE\ADC\adc.c(232): warning:  #188-D: enumerated type mixed with another type
      g_adc_nch_dma_handle.Init.DiscontinuousConvMode = 
ISABLE;/* 禁止规则通道组间断模式 */
..\HARDWARE\ADC\adc.c: 8 warnings, 0 errors
compiling gtim.c...
compiling key.c...
linking...
Program Size: Code=9812 RO-data=292 RW-data=192 ZI-data=2784  
FromELF: creating hex file...
"..\Objects\OLED.axf" - 0 Error(s), 16 Warning(s).
Build Time Elapsed:  00:00:06
